<?xml version="1.0" encoding="UTF-8"?>
<robot generator="Robot 6.1.1 (Python 3.8.9 on darwin)" generated="20230913 12:13:58.744" rpa="false" schemaversion="4">
<suite id="s1" name="First Test" source="/Users/thataferreira/Desktop/Projetos Estudos/web-python-robotframework/tests/first_test.robot">
<test id="s1-t1" name="Open the browser and access the Organo website" line="6">
<kw name="Open Browser" library="SeleniumLibrary">
<arg>url=http://localhost:3000/</arg>
<arg>browser=Chrome</arg>
<doc>Opens a new browser instance to the optional ``url``.</doc>
<msg timestamp="20230913 12:13:58.806" level="INFO">Opening browser 'Chrome' to base url 'http://localhost:3000/'.</msg>
<status status="PASS" starttime="20230913 12:13:58.806" endtime="20230913 12:14:00.340"/>
</kw>
<status status="PASS" starttime="20230913 12:13:58.805" endtime="20230913 12:14:00.341"/>
</test>
<test id="s1-t2" name="Input the informations on form" line="9">
<kw name="Input Text" library="SeleniumLibrary">
<arg>id:form-nome</arg>
<arg>Thata</arg>
<doc>Types the given ``text`` into the text field identified by ``locator``.</doc>
<msg timestamp="20230913 12:14:00.342" level="INFO">Typing text 'Thata' into text field 'id:form-nome'.</msg>
<status status="PASS" starttime="20230913 12:14:00.342" endtime="20230913 12:14:00.424"/>
</kw>
<kw name="Input Text" library="SeleniumLibrary">
<arg>id:form-cargo</arg>
<arg>QA</arg>
<doc>Types the given ``text`` into the text field identified by ``locator``.</doc>
<msg timestamp="20230913 12:14:00.425" level="INFO">Typing text 'QA' into text field 'id:form-cargo'.</msg>
<status status="PASS" starttime="20230913 12:14:00.424" endtime="20230913 12:14:00.457"/>
</kw>
<kw name="Input Text" library="SeleniumLibrary">
<arg>id:form-imagem</arg>
<arg>https://picsum.photos/200/300</arg>
<doc>Types the given ``text`` into the text field identified by ``locator``.</doc>
<msg timestamp="20230913 12:14:00.458" level="INFO">Typing text 'https://picsum.photos/200/300' into text field 'id:form-imagem'.</msg>
<status status="PASS" starttime="20230913 12:14:00.457" endtime="20230913 12:14:00.508"/>
</kw>
<kw name="Click Element" library="SeleniumLibrary">
<arg>class:lista-suspensa</arg>
<doc>Click the element identified by ``locator``.</doc>
<msg timestamp="20230913 12:14:00.508" level="INFO">Clicking element 'class:lista-suspensa'.</msg>
<status status="PASS" starttime="20230913 12:14:00.508" endtime="20230913 12:14:00.562"/>
</kw>
<kw name="Click Element" library="SeleniumLibrary">
<arg>//option[contains(.,'Programação')]</arg>
<doc>Click the element identified by ``locator``.</doc>
<msg timestamp="20230913 12:14:00.563" level="INFO">Clicking element '//option[contains(.,'Programação')]'.</msg>
<status status="PASS" starttime="20230913 12:14:00.562" endtime="20230913 12:14:00.840"/>
</kw>
<kw name="Sleep" library="BuiltIn">
<arg>4s</arg>
<doc>Pauses the test executed for the given time.</doc>
<msg timestamp="20230913 12:14:04.841" level="INFO">Slept 4 seconds</msg>
<status status="PASS" starttime="20230913 12:14:00.840" endtime="20230913 12:14:04.841"/>
</kw>
<kw name="Click Element" library="SeleniumLibrary">
<arg>id:form-botao</arg>
<doc>Click the element identified by ``locator``.</doc>
<msg timestamp="20230913 12:14:04.844" level="INFO">Clicking element 'id:form-botao'.</msg>
<status status="PASS" starttime="20230913 12:14:04.842" endtime="20230913 12:14:05.138"/>
</kw>
<kw name="Element Should Be Visible" library="SeleniumLibrary">
<arg>class:colaborador</arg>
<doc>Verifies that the element identified by ``locator`` is visible.</doc>
<msg timestamp="20230913 12:14:05.157" level="INFO">Element 'class:colaborador' is displayed.</msg>
<status status="PASS" starttime="20230913 12:14:05.138" endtime="20230913 12:14:05.157"/>
</kw>
<kw name="Sleep" library="BuiltIn">
<arg>4s</arg>
<doc>Pauses the test executed for the given time.</doc>
<msg timestamp="20230913 12:14:09.159" level="INFO">Slept 4 seconds</msg>
<status status="PASS" starttime="20230913 12:14:05.157" endtime="20230913 12:14:09.159"/>
</kw>
<status status="PASS" starttime="20230913 12:14:00.341" endtime="20230913 12:14:09.159"/>
</test>
<status status="PASS" starttime="20230913 12:13:58.745" endtime="20230913 12:14:09.160"/>
</suite>
<statistics>
<total>
<stat pass="2" fail="0" skip="0">All Tests</stat>
</total>
<tag>
</tag>
<suite>
<stat pass="2" fail="0" skip="0" id="s1" name="First Test">First Test</stat>
</suite>
</statistics>
<errors>
</errors>
</robot>
