<?xml version="1.0" encoding="UTF-8"?>
<robot generator="Robot 6.1.1 (Python 3.8.9 on darwin)" generated="20230913 12:37:20.675" rpa="false" schemaversion="4">
<suite id="s1" name="First Test" source="/Users/thataferreira/Desktop/Projetos Estudos/web-python-robotframework/tests/first_test.robot">
<test id="s1-t1" name="Verify if the informations are input correctly" line="21">
<kw name="Given I access the Organo website">
<kw name="Open Browser" library="SeleniumLibrary">
<arg>url=${URL}</arg>
<arg>browser=Chrome</arg>
<doc>Opens a new browser instance to the optional ``url``.</doc>
<msg timestamp="20230913 12:37:20.747" level="INFO">Opening browser 'Chrome' to base url 'http://localhost:3000/'.</msg>
<status status="PASS" starttime="20230913 12:37:20.747" endtime="20230913 12:37:22.461"/>
</kw>
<status status="PASS" starttime="20230913 12:37:20.747" endtime="20230913 12:37:22.462"/>
</kw>
<kw name="And I input the informations on form">
<kw name="Input Text" library="SeleniumLibrary">
<arg>${CAMPO_NOME}</arg>
<arg>Thata</arg>
<doc>Types the given ``text`` into the text field identified by ``locator``.</doc>
<msg timestamp="20230913 12:37:22.463" level="INFO">Typing text 'Thata' into text field 'id:form-nome'.</msg>
<status status="PASS" starttime="20230913 12:37:22.462" endtime="20230913 12:37:22.577"/>
</kw>
<kw name="Input Text" library="SeleniumLibrary">
<arg>${CAMPO_CARGO}</arg>
<arg>QA</arg>
<doc>Types the given ``text`` into the text field identified by ``locator``.</doc>
<msg timestamp="20230913 12:37:22.577" level="INFO">Typing text 'QA' into text field 'id:form-cargo'.</msg>
<status status="PASS" starttime="20230913 12:37:22.577" endtime="20230913 12:37:22.609"/>
</kw>
<kw name="Input Text" library="SeleniumLibrary">
<arg>${CAMPO_IMAGEM}</arg>
<arg>https://picsum.photos/200/300</arg>
<doc>Types the given ``text`` into the text field identified by ``locator``.</doc>
<msg timestamp="20230913 12:37:22.609" level="INFO">Typing text 'https://picsum.photos/200/300' into text field 'id:form-imagem'.</msg>
<status status="PASS" starttime="20230913 12:37:22.609" endtime="20230913 12:37:22.652"/>
</kw>
<kw name="Click Element" library="SeleniumLibrary">
<arg>${CAMPO_TIME}</arg>
<doc>Click the element identified by ``locator``.</doc>
<msg timestamp="20230913 12:37:22.652" level="INFO">Clicking element 'class:lista-suspensa'.</msg>
<status status="PASS" starttime="20230913 12:37:22.652" endtime="20230913 12:37:22.706"/>
</kw>
<kw name="Click Element" library="SeleniumLibrary">
<arg>${OPCAO_PROGRAMACAO}</arg>
<doc>Click the element identified by ``locator``.</doc>
<msg timestamp="20230913 12:37:22.706" level="INFO">Clicking element '//option[contains(.,'Programação')]'.</msg>
<status status="PASS" starttime="20230913 12:37:22.706" endtime="20230913 12:37:23.006"/>
</kw>
<status status="PASS" starttime="20230913 12:37:22.462" endtime="20230913 12:37:23.006"/>
</kw>
<kw name="When I click on Create card button">
<kw name="Click Element" library="SeleniumLibrary">
<arg>${BOTAO_CARD}</arg>
<doc>Click the element identified by ``locator``.</doc>
<msg timestamp="20230913 12:37:23.007" level="INFO">Clicking element 'id:form-botao'.</msg>
<status status="PASS" starttime="20230913 12:37:23.007" endtime="20230913 12:37:23.294"/>
</kw>
<status status="PASS" starttime="20230913 12:37:23.006" endtime="20230913 12:37:23.294"/>
</kw>
<kw name="Then The new card is created">
<kw name="Element Should Be Visible" library="SeleniumLibrary">
<arg>class:colaborador</arg>
<doc>Verifies that the element identified by ``locator`` is visible.</doc>
<msg timestamp="20230913 12:37:23.312" level="INFO">Element 'class:colaborador' is displayed.</msg>
<status status="PASS" starttime="20230913 12:37:23.295" endtime="20230913 12:37:23.313"/>
</kw>
<status status="PASS" starttime="20230913 12:37:23.295" endtime="20230913 12:37:23.313"/>
</kw>
<status status="PASS" starttime="20230913 12:37:20.746" endtime="20230913 12:37:23.313"/>
</test>
<status status="PASS" starttime="20230913 12:37:20.676" endtime="20230913 12:37:23.313"/>
</suite>
<statistics>
<total>
<stat pass="1" fail="0" skip="0">All Tests</stat>
</total>
<tag>
</tag>
<suite>
<stat pass="1" fail="0" skip="0" id="s1" name="First Test">First Test</stat>
</suite>
</statistics>
<errors>
</errors>
</robot>
